#
# A fatal error has been detected by the Java Runtime Environment:
#
#  EXCEPTION_ACCESS_VIOLATION (0xc0000005) at pc=0x000000005fdc04e4, pid=15988, tid=0x00000000000042f8
#
# JRE version: Java(TM) SE Runtime Environment (8.0_101-b13) (build 1.8.0_101-b13)
# Java VM: Java HotSpot(TM) 64-Bit Server VM (25.101-b13 mixed mode windows-amd64 compressed oops)
# Problematic frame:
# C  [awt.dll+0xd04e4]
#
# Failed to write core dump. Minidumps are not enabled by default on client versions of Windows
#
# If you would like to submit a bug report, please visit:
#   http://bugreport.java.com/bugreport/crash.jsp
# The crash happened outside the Java Virtual Machine in native code.
# See problematic frame for where to report the bug.
#

---------------  T H R E A D  ---------------

Current thread (0x000000001a67e000):  JavaThread "AWT-EventQueue-0" [_thread_in_native, id=17144, stack(0x000000001ae30000,0x000000001af30000)]

siginfo: ExceptionCode=0xc0000005, reading address 0x0000000000000008

Registers:
RAX=0x000000000000000d, RBX=0x000000001a67e1f8, RCX=0x0000000000000000, RDX=0x0000000008010cf1
RSP=0x000000001af2bfe8, RBP=0x000000001a67e1f8, RSI=0x000000001a796a80, RDI=0x000000001a94bda0
R8 =0x00000000000026d3, R9 =0x0000000000ff0000, R10=0x0000000000080cf1, R11=0x0000000000000246
R12=0x0000000008010cf1, R13=0x0000000000000000, R14=0x000000001af2c780, R15=0x000000001a67e000
RIP=0x000000005fdc04e4, EFLAGS=0x0000000000010202

Top of Stack: (sp=0x000000001af2bfe8)
0x000000001af2bfe8:   000000005fd27601 000000001a67e1f8
0x000000001af2bff8:   000000001a796a80 000000000049414e
0x000000001af2c008:   000000000049414e 0000000000000000
0x000000001af2c018:   000000001a796a80 000000001af2c770
0x000000001af2c028:   000000005fd5c015 000000001a67e1f8
0x000000001af2c038:   0000000000000000 000000001af2c101
0x000000001af2c048:   0000000000000000 000000001d1b8b00
0x000000001af2c058:   000000005fd23e52 000000001af2c770
0x000000001af2c068:   000000001af2c160 000000001a67e1f8
0x000000001af2c078:   00000000dbe5e218 00000000db39d218
0x000000001af2c088:   0000000000000000 00000000824cadf0
0x000000001af2c098:   00000000dbe5e218 000000001af2c230
0x000000001af2c0a8:   00000000032cebdc 0000000000000001
0x000000001af2c0b8:   0000000082444ff8 0000000082444fc0
0x000000001af2c0c8:   0000000000000000 0000000000000019
0x000000001af2c0d8:   000000001af2c768 000000001a67e1f8 

Instructions: (pc=0x000000005fdc04e4)
0x000000005fdc04c4:   41 5e 41 5d 41 5c 5f c3 48 8b 41 08 48 05 00 04
0x000000005fdc04d4:   00 00 c3 cc 48 8b 41 08 48 8b 80 18 0c 00 00 c3
0x000000005fdc04e4:   48 8b 49 08 48 85 c9 74 05 e9 42 a7 fe ff 33 c0
0x000000005fdc04f4:   c3 cc cc cc 48 83 ec 28 48 8b 49 08 48 85 c9 74 


Register to memory mapping:

RAX=0x000000000000000d is an unknown value
RBX=0x000000001a67e1f8 is an unknown value
RCX=0x0000000000000000 is an unknown value
RDX=0x0000000008010cf1 is an unknown value
RSP=0x000000001af2bfe8 is pointing into the stack for thread: 0x000000001a67e000
RBP=0x000000001a67e1f8 is an unknown value
RSI=0x000000001a796a80 is an unknown value
RDI=0x000000001a94bda0 is an unknown value
R8 =0x00000000000026d3 is an unknown value
R9 =0x0000000000ff0000 is an unknown value
R10=0x0000000000080cf1 is an unknown value
R11=0x0000000000000246 is an unknown value
R12=0x0000000008010cf1 is an unknown value
R13=0x0000000000000000 is an unknown value
R14=0x000000001af2c780 is pointing into the stack for thread: 0x000000001a67e000
R15=0x000000001a67e000 is a thread


Stack: [0x000000001ae30000,0x000000001af30000],  sp=0x000000001af2bfe8,  free space=1007k
Native frames: (J=compiled Java code, j=interpreted, Vv=VM code, C=native code)
C  [awt.dll+0xd04e4]

Java frames: (J=compiled Java code, j=interpreted, Vv=VM code)
j  sun.java2d.windows.GDIBlitLoops.nativeBlit(Lsun/java2d/SurfaceData;Lsun/java2d/SurfaceData;Lsun/java2d/pipe/Region;IIIIIIIIIZ)V+0
j  sun.java2d.windows.GDIBlitLoops.Blit(Lsun/java2d/SurfaceData;Lsun/java2d/SurfaceData;Ljava/awt/Composite;Lsun/java2d/pipe/Region;IIIIII)V+33
J 2964 C1 sun.java2d.pipe.DrawImage.blitSurfaceData(Lsun/java2d/SunGraphics2D;Lsun/java2d/pipe/Region;Lsun/java2d/SurfaceData;Lsun/java2d/SurfaceData;Lsun/java2d/loops/SurfaceType;Lsun/java2d/loops/SurfaceType;IIIIIILjava/awt/Color;)V (145 bytes) @ 0x000000000341e0a4 [0x000000000341d280+0xe24]
J 2961 C1 sun.java2d.pipe.DrawImage.renderImageCopy(Lsun/java2d/SunGraphics2D;Ljava/awt/Image;Ljava/awt/Color;IIIIII)Z (147 bytes) @ 0x000000000341ac14 [0x000000000341a6a0+0x574]
j  sun.java2d.pipe.DrawImage.copyImage(Lsun/java2d/SunGraphics2D;Ljava/awt/Image;IILjava/awt/Color;)Z+45
j  sun.java2d.pipe.DrawImage.copyImage(Lsun/java2d/SunGraphics2D;Ljava/awt/Image;IILjava/awt/Color;Ljava/awt/image/ImageObserver;)Z+15
j  sun.java2d.pipe.ValidatePipe.copyImage(Lsun/java2d/SunGraphics2D;Ljava/awt/Image;IILjava/awt/Color;Ljava/awt/image/ImageObserver;)Z+21
j  sun.java2d.SunGraphics2D.drawImage(Ljava/awt/Image;IILjava/awt/Color;Ljava/awt/image/ImageObserver;)Z+66
j  sun.java2d.SunGraphics2D.drawImage(Ljava/awt/Image;IILjava/awt/image/ImageObserver;)Z+7
j  javax.swing.RepaintManager$PaintManager.paintDoubleBuffered(Ljavax/swing/JComponent;Ljava/awt/Image;Ljava/awt/Graphics;IIII)V+242
j  javax.swing.RepaintManager$PaintManager.paint(Ljavax/swing/JComponent;Ljavax/swing/JComponent;Ljava/awt/Graphics;IIII)Z+116
j  javax.swing.RepaintManager.paint(Ljavax/swing/JComponent;Ljavax/swing/JComponent;Ljava/awt/Graphics;IIII)V+51
J 2670 C1 javax.swing.JComponent.paint(Ljava/awt/Graphics;)V (409 bytes) @ 0x000000000330ff94 [0x000000000330e040+0x1f54]
j  java.awt.GraphicsCallback$PaintCallback.run(Ljava/awt/Component;Ljava/awt/Graphics;)V+2
j  sun.awt.SunGraphicsCallback.runOneComponent(Ljava/awt/Component;Ljava/awt/Rectangle;Ljava/awt/Graphics;Ljava/awt/Shape;I)V+155
j  sun.awt.SunGraphicsCallback.runComponents([Ljava/awt/Component;Ljava/awt/Graphics;I)V+194
j  java.awt.Container.paint(Ljava/awt/Graphics;)V+58
j  java.awt.Window.paint(Ljava/awt/Graphics;)V+68
j  javax.swing.RepaintManager$4.run()Ljava/lang/Void;+142
j  javax.swing.RepaintManager$4.run()Ljava/lang/Object;+1
v  ~StubRoutines::call_stub
J 994  java.security.AccessController.doPrivileged(Ljava/security/PrivilegedAction;Ljava/security/AccessControlContext;)Ljava/lang/Object; (0 bytes) @ 0x0000000002e4ce66 [0x0000000002e4ce00+0x66]
J 2477 C1 java.security.ProtectionDomain$JavaSecurityAccessImpl.doIntersectionPrivilege(Ljava/security/PrivilegedAction;Ljava/security/AccessControlContext;Ljava/security/AccessControlContext;)Ljava/lang/Object; (22 bytes) @ 0x0000000003256a2c [0x00000000032565c0+0x46c]
j  javax.swing.RepaintManager.paintDirtyRegions(Ljava/util/Map;)V+154
j  javax.swing.RepaintManager.paintDirtyRegions()V+46
j  javax.swing.RepaintManager.prePaintDirtyRegions()V+73
j  javax.swing.RepaintManager.access$1200(Ljavax/swing/RepaintManager;)V+1
j  javax.swing.RepaintManager$ProcessingRunnable.run()V+37
J 2729 C1 java.awt.event.InvocationEvent.dispatch()V (69 bytes) @ 0x000000000333c654 [0x000000000333c440+0x214]
J 2580 C1 java.awt.EventQueue.dispatchEventImpl(Ljava/awt/AWTEvent;Ljava/lang/Object;)V (149 bytes) @ 0x00000000032c2204 [0x00000000032c0740+0x1ac4]
J 2578 C1 java.awt.EventQueue$3.run()Ljava/lang/Void; (60 bytes) @ 0x00000000032b32cc [0x00000000032b30c0+0x20c]
J 2577 C1 java.awt.EventQueue$3.run()Ljava/lang/Object; (5 bytes) @ 0x00000000032b144c [0x00000000032b13c0+0x8c]
v  ~StubRoutines::call_stub
J 994  java.security.AccessController.doPrivileged(Ljava/security/PrivilegedAction;Ljava/security/AccessControlContext;)Ljava/lang/Object; (0 bytes) @ 0x0000000002e4ce66 [0x0000000002e4ce00+0x66]
J 2508 C1 java.awt.EventQueue.dispatchEvent(Ljava/awt/AWTEvent;)V (80 bytes) @ 0x00000000032776c4 [0x0000000003276d40+0x984]
J 2582 C1 java.awt.EventDispatchThread.pumpOneEventForFilters(I)V (295 bytes) @ 0x00000000032be594 [0x00000000032bca80+0x1b14]
j  java.awt.EventDispatchThread.pumpEventsForFilter(ILjava/awt/Conditional;Ljava/awt/EventFilter;)V+35
j  java.awt.EventDispatchThread.pumpEventsForHierarchy(ILjava/awt/Conditional;Ljava/awt/Component;)V+11
j  java.awt.EventDispatchThread.pumpEvents(ILjava/awt/Conditional;)V+4
j  java.awt.EventDispatchThread.pumpEvents(Ljava/awt/Conditional;)V+3
j  java.awt.EventDispatchThread.run()V+9
v  ~StubRoutines::call_stub

---------------  P R O C E S S  ---------------

Java Threads: ( => current thread )
  0x000000001d249800 JavaThread "WeakCollectionCleaner" daemon [_thread_blocked, id=1916, stack(0x000000001f910000,0x000000001fa10000)]
  0x000000001d220800 JavaThread "GT authority factory disposer" daemon [_thread_blocked, id=9708, stack(0x000000001e210000,0x000000001e310000)]
  0x000000001930c000 JavaThread "TimerQueue" daemon [_thread_blocked, id=4596, stack(0x000000001cd30000,0x000000001ce30000)]
  0x00000000029d5800 JavaThread "DestroyJavaVM" [_thread_blocked, id=8120, stack(0x0000000002870000,0x0000000002970000)]
=>0x000000001a67e000 JavaThread "AWT-EventQueue-0" [_thread_in_native, id=17144, stack(0x000000001ae30000,0x000000001af30000)]
  0x00000000192fc800 JavaThread "AWT-Windows" daemon [_thread_in_native, id=17528, stack(0x0000000019890000,0x0000000019990000)]
  0x00000000192f9800 JavaThread "AWT-Shutdown" [_thread_blocked, id=13492, stack(0x0000000019790000,0x0000000019890000)]
  0x00000000192f9000 JavaThread "Java2D Disposer" daemon [_thread_blocked, id=8064, stack(0x0000000019690000,0x0000000019790000)]
  0x000000001765d800 JavaThread "Service Thread" daemon [_thread_blocked, id=6624, stack(0x0000000019360000,0x0000000019460000)]
  0x0000000017613000 JavaThread "C1 CompilerThread2" daemon [_thread_blocked, id=10956, stack(0x0000000018e60000,0x0000000018f60000)]
  0x0000000017607000 JavaThread "C2 CompilerThread1" daemon [_thread_blocked, id=12052, stack(0x0000000018d60000,0x0000000018e60000)]
  0x0000000017602800 JavaThread "C2 CompilerThread0" daemon [_thread_blocked, id=13620, stack(0x0000000018c60000,0x0000000018d60000)]
  0x0000000017601000 JavaThread "Attach Listener" daemon [_thread_blocked, id=11960, stack(0x0000000018b60000,0x0000000018c60000)]
  0x00000000175ff800 JavaThread "Signal Dispatcher" daemon [_thread_blocked, id=9724, stack(0x0000000018a60000,0x0000000018b60000)]
  0x00000000175ea800 JavaThread "Finalizer" daemon [_thread_blocked, id=16596, stack(0x0000000018870000,0x0000000018970000)]
  0x0000000002ac4000 JavaThread "Reference Handler" daemon [_thread_blocked, id=2416, stack(0x0000000018770000,0x0000000018870000)]

Other Threads:
  0x00000000175c7800 VMThread [stack: 0x0000000018670000,0x0000000018770000] [id=14512]
  0x0000000018fea000 WatcherThread [stack: 0x0000000019460000,0x0000000019560000] [id=4960]

VM state:not at safepoint (normal execution)

VM Mutex/Monitor currently owned by a thread: None

Heap:
 PSYoungGen      total 144384K, used 108253K [0x00000000d5f00000, 0x00000000e0600000, 0x0000000100000000)
  eden space 134144K, 73% used [0x00000000d5f00000,0x00000000dbf1c998,0x00000000de200000)
  from space 10240K, 96% used [0x00000000de700000,0x00000000df09aa78,0x00000000df100000)
  to   space 18432K, 0% used [0x00000000df400000,0x00000000df400000,0x00000000e0600000)
 ParOldGen       total 65536K, used 41164K [0x0000000081c00000, 0x0000000085c00000, 0x00000000d5f00000)
  object space 65536K, 62% used [0x0000000081c00000,0x0000000084433378,0x0000000085c00000)
 Metaspace       used 25043K, capacity 25372K, committed 25600K, reserved 1071104K
  class space    used 2966K, capacity 3066K, committed 3072K, reserved 1048576K

Card table byte_map: [0x0000000011e90000,0x0000000012290000] byte_map_base: 0x0000000011a82000

Marking Bits: (ParMarkBitMap*) 0x000000006093a6d0
 Begin Bits: [0x0000000012940000, 0x00000000148d0000)
 End Bits:   [0x00000000148d0000, 0x0000000016860000)

Polling page: 0x00000000027e0000

CodeCache: size=245760Kb used=10194Kb max_used=10393Kb free=235565Kb
 bounds [0x0000000002ad0000, 0x0000000003540000, 0x0000000011ad0000]
 total_blobs=3712 nmethods=3087 adapters=536
 compilation: enabled

Compilation events (10 events):
Event: 13340.745 Thread 0x0000000017613000 nmethod 3289 0x0000000002e6a610 code [0x0000000002e6a780, 0x0000000002e6aa50]
Event: 13340.745 Thread 0x0000000017613000 3290       3       sun.awt.NullComponentPeer::insets (12 bytes)
Event: 13340.748 Thread 0x0000000017613000 nmethod 3290 0x0000000002e60f50 code [0x0000000002e610c0, 0x0000000002e61330]
Event: 13340.750 Thread 0x0000000017613000 3291       3       javax.swing.text.PlainView::updateMetrics (41 bytes)
Event: 13340.758 Thread 0x0000000017613000 nmethod 3291 0x0000000002d76b90 code [0x0000000002d76dc0, 0x0000000002d77c38]
Event: 13340.758 Thread 0x0000000017613000 3292       3       javax.swing.text.GapContent::length (17 bytes)
Event: 13340.759 Thread 0x0000000017613000 nmethod 3292 0x0000000002e2e8d0 code [0x0000000002e2ea40, 0x0000000002e2eeb0]
Event: 13341.886 Thread 0x0000000017602800 3293   !   4       sun.java2d.SunGraphics2D::drawLine (74 bytes)
Event: 13341.886 Thread 0x0000000017613000 3294       3       javax.swing.text.SegmentCache::getSharedInstance (4 bytes)
Event: 13341.886 Thread 0x0000000017613000 nmethod 3294 0x0000000002be3510 code [0x0000000002be3660, 0x0000000002be3790]

GC Heap History (10 events):
Event: 6.980 GC heap before
{Heap before GC invocations=6 (full 1):
 PSYoungGen      total 58880K, used 58861K [0x00000000d5f00000, 0x00000000daa00000, 0x0000000100000000)
  eden space 53760K, 100% used [0x00000000d5f00000,0x00000000d9380000,0x00000000d9380000)
  from space 5120K, 99% used [0x00000000da500000,0x00000000da9fb778,0x00000000daa00000)
  to   space 5120K, 0% used [0x00000000da000000,0x00000000da000000,0x00000000da500000)
 ParOldGen       total 65536K, used 19842K [0x0000000081c00000, 0x0000000085c00000, 0x00000000d5f00000)
  object space 65536K, 30% used [0x0000000081c00000,0x0000000082f60810,0x0000000085c00000)
 Metaspace       used 23966K, capacity 24262K, committed 24576K, reserved 1071104K
  class space    used 2914K, capacity 2999K, committed 3072K, reserved 1048576K
Event: 6.995 GC heap after
Heap after GC invocations=6 (full 1):
 PSYoungGen      total 71680K, used 5109K [0x00000000d5f00000, 0x00000000de000000, 0x0000000100000000)
  eden space 66560K, 0% used [0x00000000d5f00000,0x00000000d5f00000,0x00000000da000000)
  from space 5120K, 99% used [0x00000000da000000,0x00000000da4fd5f0,0x00000000da500000)
  to   space 20480K, 0% used [0x00000000dcc00000,0x00000000dcc00000,0x00000000de000000)
 ParOldGen       total 65536K, used 36185K [0x0000000081c00000, 0x0000000085c00000, 0x00000000d5f00000)
  object space 65536K, 55% used [0x0000000081c00000,0x0000000083f56560,0x0000000085c00000)
 Metaspace       used 23966K, capacity 24262K, committed 24576K, reserved 1071104K
  class space    used 2914K, capacity 2999K, committed 3072K, reserved 1048576K
}
Event: 14.216 GC heap before
{Heap before GC invocations=7 (full 1):
 PSYoungGen      total 71680K, used 71669K [0x00000000d5f00000, 0x00000000de000000, 0x0000000100000000)
  eden space 66560K, 100% used [0x00000000d5f00000,0x00000000da000000,0x00000000da000000)
  from space 5120K, 99% used [0x00000000da000000,0x00000000da4fd5f0,0x00000000da500000)
  to   space 20480K, 0% used [0x00000000dcc00000,0x00000000dcc00000,0x00000000de000000)
 ParOldGen       total 65536K, used 36185K [0x0000000081c00000, 0x0000000085c00000, 0x00000000d5f00000)
  object space 65536K, 55% used [0x0000000081c00000,0x0000000083f56560,0x0000000085c00000)
 Metaspace       used 24386K, capacity 24754K, committed 24832K, reserved 1071104K
  class space    used 2944K, capacity 3031K, committed 3072K, reserved 1048576K
Event: 14.223 GC heap after
Heap after GC invocations=7 (full 1):
 PSYoungGen      total 112128K, used 8076K [0x00000000d5f00000, 0x00000000df080000, 0x0000000100000000)
  eden space 91648K, 0% used [0x00000000d5f00000,0x00000000d5f00000,0x00000000db880000)
  from space 20480K, 39% used [0x00000000dcc00000,0x00000000dd3e3198,0x00000000de000000)
  to   space 19968K, 0% used [0x00000000db880000,0x00000000db880000,0x00000000dcc00000)
 ParOldGen       total 65536K, used 36193K [0x0000000081c00000, 0x0000000085c00000, 0x00000000d5f00000)
  object space 65536K, 55% used [0x0000000081c00000,0x0000000083f58560,0x0000000085c00000)
 Metaspace       used 24386K, capacity 24754K, committed 24832K, reserved 1071104K
  class space    used 2944K, capacity 3031K, committed 3072K, reserved 1048576K
}
Event: 25.109 GC heap before
{Heap before GC invocations=8 (full 1):
 PSYoungGen      total 112128K, used 99724K [0x00000000d5f00000, 0x00000000df080000, 0x0000000100000000)
  eden space 91648K, 100% used [0x00000000d5f00000,0x00000000db880000,0x00000000db880000)
  from space 20480K, 39% used [0x00000000dcc00000,0x00000000dd3e3198,0x00000000de000000)
  to   space 19968K, 0% used [0x00000000db880000,0x00000000db880000,0x00000000dcc00000)
 ParOldGen       total 65536K, used 36193K [0x0000000081c00000, 0x0000000085c00000, 0x00000000d5f00000)
  object space 65536K, 55% used [0x0000000081c00000,0x0000000083f58560,0x0000000085c00000)
 Metaspace       used 24861K, capacity 25202K, committed 25344K, reserved 1071104K
  class space    used 2955K, capacity 3031K, committed 3072K, reserved 1048576K
Event: 25.116 GC heap after
Heap after GC invocations=8 (full 1):
 PSYoungGen      total 111616K, used 7879K [0x00000000d5f00000, 0x00000000e1080000, 0x0000000100000000)
  eden space 91648K, 0% used [0x00000000d5f00000,0x00000000d5f00000,0x00000000db880000)
  from space 19968K, 39% used [0x00000000db880000,0x00000000dc031e58,0x00000000dcc00000)
  to   space 18944K, 0% used [0x00000000dfe00000,0x00000000dfe00000,0x00000000e1080000)
 ParOldGen       total 65536K, used 36193K [0x0000000081c00000, 0x0000000085c00000, 0x00000000d5f00000)
  object space 65536K, 55% used [0x0000000081c00000,0x0000000083f58560,0x0000000085c00000)
 Metaspace       used 24861K, capacity 25202K, committed 25344K, reserved 1071104K
  class space    used 2955K, capacity 3031K, committed 3072K, reserved 1048576K
}
Event: 27.218 GC heap before
{Heap before GC invocations=9 (full 1):
 PSYoungGen      total 111616K, used 99527K [0x00000000d5f00000, 0x00000000e1080000, 0x0000000100000000)
  eden space 91648K, 100% used [0x00000000d5f00000,0x00000000db880000,0x00000000db880000)
  from space 19968K, 39% used [0x00000000db880000,0x00000000dc031e58,0x00000000dcc00000)
  to   space 18944K, 0% used [0x00000000dfe00000,0x00000000dfe00000,0x00000000e1080000)
 ParOldGen       total 65536K, used 36193K [0x0000000081c00000, 0x0000000085c00000, 0x00000000d5f00000)
  object space 65536K, 55% used [0x0000000081c00000,0x0000000083f58560,0x0000000085c00000)
 Metaspace       used 24876K, capacity 25202K, committed 25344K, reserved 1071104K
  class space    used 2955K, capacity 3031K, committed 3072K, reserved 1048576K
Event: 27.224 GC heap after
Heap after GC invocations=9 (full 1):
 PSYoungGen      total 153600K, used 3254K [0x00000000d5f00000, 0x00000000e0c00000, 0x0000000100000000)
  eden space 139264K, 0% used [0x00000000d5f00000,0x00000000d5f00000,0x00000000de700000)
  from space 14336K, 22% used [0x00000000dfe00000,0x00000000e012dbc8,0x00000000e0c00000)
  to   space 18944K, 0% used [0x00000000de700000,0x00000000de700000,0x00000000df980000)
 ParOldGen       total 65536K, used 40812K [0x0000000081c00000, 0x0000000085c00000, 0x00000000d5f00000)
  object space 65536K, 62% used [0x0000000081c00000,0x00000000843db358,0x0000000085c00000)
 Metaspace       used 24876K, capacity 25202K, committed 25344K, reserved 1071104K
  class space    used 2955K, capacity 3031K, committed 3072K, reserved 1048576K
}
Event: 9761.736 GC heap before
{Heap before GC invocations=10 (full 1):
 PSYoungGen      total 153600K, used 142518K [0x00000000d5f00000, 0x00000000e0c00000, 0x0000000100000000)
  eden space 139264K, 100% used [0x00000000d5f00000,0x00000000de700000,0x00000000de700000)
  from space 14336K, 22% used [0x00000000dfe00000,0x00000000e012dbc8,0x00000000e0c00000)
  to   space 18944K, 0% used [0x00000000de700000,0x00000000de700000,0x00000000df980000)
 ParOldGen       total 65536K, used 40812K [0x0000000081c00000, 0x0000000085c00000, 0x00000000d5f00000)
  object space 65536K, 62% used [0x0000000081c00000,0x00000000843db358,0x0000000085c00000)
 Metaspace       used 25012K, capacity 25372K, committed 25600K, reserved 1071104K
  class space    used 2966K, capacity 3066K, committed 3072K, reserved 1048576K
Event: 9762.015 GC heap after
Heap after GC invocations=10 (full 1):
 PSYoungGen      total 144384K, used 9834K [0x00000000d5f00000, 0x00000000e0600000, 0x0000000100000000)
  eden space 134144K, 0% used [0x00000000d5f00000,0x00000000d5f00000,0x00000000de200000)
  from space 10240K, 96% used [0x00000000de700000,0x00000000df09aa78,0x00000000df100000)
  to   space 18432K, 0% used [0x00000000df400000,0x00000000df400000,0x00000000e0600000)
 ParOldGen       total 65536K, used 41164K [0x0000000081c00000, 0x0000000085c00000, 0x00000000d5f00000)
  object space 65536K, 62% used [0x0000000081c00000,0x0000000084433378,0x0000000085c00000)
 Metaspace       used 25012K, capacity 25372K, committed 25600K, reserved 1071104K
  class space    used 2966K, capacity 3066K, committed 3072K, reserved 1048576K
}

Deoptimization events (10 events):
Event: 26.416 Thread 0x000000001a67e000 Uncommon trap: reason=unstable_if action=reinterpret pc=0x00000000032db4f4 method=com.wayto.view.XMap.paintComponent(Ljava/awt/Graphics;)V @ 223
Event: 26.491 Thread 0x000000001a67e000 Uncommon trap: reason=unstable_if action=reinterpret pc=0x00000000032b7d98 method=com.wayto.view.XMap.paintComponent(Ljava/awt/Graphics;)V @ 223
Event: 134.875 Thread 0x000000001a67e000 Uncommon trap: reason=unstable_if action=reinterpret pc=0x000000000326a6dc method=sun.java2d.pipe.Region.clipBoxToBounds([I)V @ 41
Event: 134.875 Thread 0x000000001a67e000 Uncommon trap: reason=unstable_if action=reinterpret pc=0x000000000321f5ec method=sun.java2d.pipe.Region.clipBoxToBounds([I)V @ 41
Event: 134.963 Thread 0x000000001a67e000 Uncommon trap: reason=unstable_if action=reinterpret pc=0x00000000034bd9b4 method=java.awt.Container.getMouseEventTargetImpl(IIZLjava/awt/Container$EventTargetFilter;ZZ)Ljava/awt/Component; @ 218
Event: 3603.216 Thread 0x000000001d220800 Uncommon trap: reason=unstable_if action=reinterpret pc=0x0000000002ff618c method=org.hsqldb.map.BaseHashMap.addOrRemove(JJLjava/lang/Object;Ljava/lang/Object;Z)Ljava/lang/Object; @ 275
Event: 9755.316 Thread 0x000000001a67e000 Uncommon trap: reason=unstable_if action=reinterpret pc=0x00000000034e60d8 method=java.awt.EventQueue.getPriority(Ljava/awt/AWTEvent;)I @ 71
Event: 9755.336 Thread 0x000000001a67e000 Uncommon trap: reason=unstable_if action=reinterpret pc=0x000000000349f2ac method=java.awt.Component.reshape(IIII)V @ 27
Event: 9756.276 Thread 0x000000001a67e000 Uncommon trap: reason=unstable_if action=reinterpret pc=0x000000000322e89c method=java.awt.geom.Path2D.setWindingRule(I)V @ 1
Event: 9756.277 Thread 0x000000001a67e000 Uncommon trap: reason=unstable_if action=reinterpret pc=0x000000000343e76c method=sun.java2d.SunGraphics2D.setColor(Ljava/awt/Color;)V @ 42

Internal exceptions (10 events):
Event: 2.989 Thread 0x000000001a67e000 Exception <a 'java/security/PrivilegedActionException'> (0x00000000d6412638) thrown at [C:\re\workspace\8-2-build-windows-amd64-cygwin\jdk8u101\7261\hotspot\src\share\vm\prims\jvm.cpp, line 1386]
Event: 2.989 Thread 0x000000001a67e000 Exception <a 'java/security/PrivilegedActionException'> (0x00000000d6412c18) thrown at [C:\re\workspace\8-2-build-windows-amd64-cygwin\jdk8u101\7261\hotspot\src\share\vm\prims\jvm.cpp, line 1386]
Event: 2.990 Thread 0x000000001a67e000 Exception <a 'java/security/PrivilegedActionException'> (0x00000000d6414678) thrown at [C:\re\workspace\8-2-build-windows-amd64-cygwin\jdk8u101\7261\hotspot\src\share\vm\prims\jvm.cpp, line 1386]
Event: 2.990 Thread 0x000000001a67e000 Exception <a 'java/security/PrivilegedActionException'> (0x00000000d6414c58) thrown at [C:\re\workspace\8-2-build-windows-amd64-cygwin\jdk8u101\7261\hotspot\src\share\vm\prims\jvm.cpp, line 1386]
Event: 2.990 Thread 0x000000001a67e000 Exception <a 'java/security/PrivilegedActionException'> (0x00000000d6416570) thrown at [C:\re\workspace\8-2-build-windows-amd64-cygwin\jdk8u101\7261\hotspot\src\share\vm\prims\jvm.cpp, line 1386]
Event: 2.990 Thread 0x000000001a67e000 Exception <a 'java/security/PrivilegedActionException'> (0x00000000d6416b50) thrown at [C:\re\workspace\8-2-build-windows-amd64-cygwin\jdk8u101\7261\hotspot\src\share\vm\prims\jvm.cpp, line 1386]
Event: 2.990 Thread 0x000000001a67e000 Exception <a 'java/security/PrivilegedActionException'> (0x00000000d64184a8) thrown at [C:\re\workspace\8-2-build-windows-amd64-cygwin\jdk8u101\7261\hotspot\src\share\vm\prims\jvm.cpp, line 1386]
Event: 2.990 Thread 0x000000001a67e000 Exception <a 'java/security/PrivilegedActionException'> (0x00000000d6418a88) thrown at [C:\re\workspace\8-2-build-windows-amd64-cygwin\jdk8u101\7261\hotspot\src\share\vm\prims\jvm.cpp, line 1386]
Event: 3.174 Thread 0x000000001a67e000 Exception <a 'java/io/FileNotFoundException'> (0x00000000d7780798) thrown at [C:\re\workspace\8-2-build-windows-amd64-cygwin\jdk8u101\7261\hotspot\src\share\vm\prims\jni.cpp, line 709]
Event: 6.794 Thread 0x000000001a67e000 Implicit null exception at 0x00000000031201cf to 0x00000000031206cd

Events (10 events):
Event: 9757.562 Thread 0x0000000017613000 flushing nmethod 0x0000000003028490
Event: 9757.562 Thread 0x0000000017613000 flushing nmethod 0x0000000003031a50
Event: 9757.562 Thread 0x0000000017613000 flushing nmethod 0x0000000003031d90
Event: 9757.564 Thread 0x0000000017613000 flushing nmethod 0x0000000003045d10
Event: 9757.584 Thread 0x000000001a67e000 DEOPT PACKING pc=0x00000000034f30a9 sp=0x000000001af2bd50
Event: 9757.584 Thread 0x000000001a67e000 DEOPT UNPACKING pc=0x0000000002b1787f sp=0x000000001af2bb88 mode 0
Event: 9757.885 Thread 0x000000001a67e000 DEOPT PACKING pc=0x00000000034f30a9 sp=0x000000001af2cbb0
Event: 9757.885 Thread 0x000000001a67e000 DEOPT UNPACKING pc=0x0000000002b1787f sp=0x000000001af2c9e8 mode 0
Event: 9761.736 Executing VM operation: ParallelGCFailedAllocation
Event: 9762.015 Executing VM operation: ParallelGCFailedAllocation done


Dynamic libraries:
0x00007ff7b8bc0000 - 0x00007ff7b8bf7000 	C:\Program Files\Java\jre1.8.0_101\bin\javaw.exe
0x00007ffcdfe80000 - 0x00007ffce005b000 	C:\WINDOWS\SYSTEM32\ntdll.dll
0x00007ffcdf1c0000 - 0x00007ffcdf26e000 	C:\WINDOWS\System32\KERNEL32.DLL
0x00007ffcdcf70000 - 0x00007ffcdd1b9000 	C:\WINDOWS\System32\KERNELBASE.dll
0x00007ffcdf970000 - 0x00007ffcdfa11000 	C:\WINDOWS\System32\ADVAPI32.dll
0x00007ffcdf270000 - 0x00007ffcdf30d000 	C:\WINDOWS\System32\msvcrt.dll
0x00007ffcdfb20000 - 0x00007ffcdfb79000 	C:\WINDOWS\System32\sechost.dll
0x00007ffcdd3f0000 - 0x00007ffcdd515000 	C:\WINDOWS\System32\RPCRT4.dll
0x00007ffcdd520000 - 0x00007ffcdd66a000 	C:\WINDOWS\System32\USER32.dll
0x00007ffcdc640000 - 0x00007ffcdc65e000 	C:\WINDOWS\System32\win32u.dll
0x00007ffcdfa30000 - 0x00007ffcdfa57000 	C:\WINDOWS\System32\GDI32.dll
0x00007ffcdc400000 - 0x00007ffcdc588000 	C:\WINDOWS\System32\gdi32full.dll
0x00007ffcdced0000 - 0x00007ffcdcf6a000 	C:\WINDOWS\System32\msvcp_win.dll
0x00007ffcdcdd0000 - 0x00007ffcdcec6000 	C:\WINDOWS\System32\ucrtbase.dll
0x00007ffcd2e60000 - 0x00007ffcd30c7000 	C:\WINDOWS\WinSxS\amd64_microsoft.windows.common-controls_6595b64144ccf1df_6.0.15063.483_none_26002d27e7c744a2\COMCTL32.dll
0x00007ffcdf480000 - 0x00007ffcdf779000 	C:\WINDOWS\System32\combase.dll
0x00007ffcdcd60000 - 0x00007ffcdcdca000 	C:\WINDOWS\System32\bcryptPrimitives.dll
0x00007ffcdd670000 - 0x00007ffcdd69d000 	C:\WINDOWS\System32\IMM32.DLL
0x000000005fe90000 - 0x000000005ff62000 	C:\Program Files\Java\jre1.8.0_101\bin\msvcr100.dll
0x0000000060120000 - 0x00000000609ba000 	C:\Program Files\Java\jre1.8.0_101\bin\server\jvm.dll
0x00007ffcdd3e0000 - 0x00007ffcdd3e8000 	C:\WINDOWS\System32\PSAPI.DLL
0x00007ffcd6bf0000 - 0x00007ffcd6bf9000 	C:\WINDOWS\SYSTEM32\WSOCK32.dll
0x00007ffcdfe10000 - 0x00007ffcdfe7c000 	C:\WINDOWS\System32\WS2_32.dll
0x00007ffcd5480000 - 0x00007ffcd54a3000 	C:\WINDOWS\SYSTEM32\WINMM.dll
0x00007ffcd4550000 - 0x00007ffcd455a000 	C:\WINDOWS\SYSTEM32\VERSION.dll
0x00007ffcd5450000 - 0x00007ffcd547b000 	C:\WINDOWS\SYSTEM32\WINMMBASE.dll
0x00007ffcdd390000 - 0x00007ffcdd3d9000 	C:\WINDOWS\System32\cfgmgr32.dll
0x0000000060030000 - 0x000000006003f000 	C:\Program Files\Java\jre1.8.0_101\bin\verify.dll
0x0000000060000000 - 0x0000000060029000 	C:\Program Files\Java\jre1.8.0_101\bin\java.dll
0x000000005ffe0000 - 0x000000005fff6000 	C:\Program Files\Java\jre1.8.0_101\bin\zip.dll
0x00007ffcdd840000 - 0x00007ffcdec77000 	C:\WINDOWS\System32\SHELL32.dll
0x00007ffcdfa70000 - 0x00007ffcdfb1a000 	C:\WINDOWS\System32\shcore.dll
0x00007ffcdc660000 - 0x00007ffcdcd52000 	C:\WINDOWS\System32\windows.storage.dll
0x00007ffcdf160000 - 0x00007ffcdf1b1000 	C:\WINDOWS\System32\shlwapi.dll
0x00007ffcdc310000 - 0x00007ffcdc321000 	C:\WINDOWS\System32\kernel.appcore.dll
0x00007ffcdc330000 - 0x00007ffcdc37c000 	C:\WINDOWS\System32\powrprof.dll
0x00007ffcdc2f0000 - 0x00007ffcdc305000 	C:\WINDOWS\System32\profapi.dll
0x000000005fcf0000 - 0x000000005fe88000 	C:\Program Files\Java\jre1.8.0_101\bin\awt.dll
0x00007ffcdfb80000 - 0x00007ffcdfc40000 	C:\WINDOWS\System32\OLEAUT32.dll
0x00007ffcd4560000 - 0x00007ffcd45de000 	C:\WINDOWS\SYSTEM32\apphelp.dll
0x00007ffcd1080000 - 0x00007ffcd10aa000 	C:\WINDOWS\system32\DWMAPI.DLL
0x00007ffcdaac0000 - 0x00007ffcdab55000 	C:\WINDOWS\system32\uxtheme.dll
0x00007ffcdfc40000 - 0x00007ffcdfda6000 	C:\WINDOWS\System32\MSCTF.dll
0x00007ffcc9830000 - 0x00007ffcc98d1000 	C:\Program Files\Common Files\microsoft shared\ink\tiptsf.dll
0x00007ffcdf330000 - 0x00007ffcdf475000 	C:\WINDOWS\System32\ole32.dll
0x000000005fca0000 - 0x000000005fce7000 	C:\Program Files\Java\jre1.8.0_101\bin\fontmanager.dll
0x000000005ffc0000 - 0x000000005ffda000 	C:\Program Files\Java\jre1.8.0_101\bin\net.dll
0x00007ffcdbba0000 - 0x00007ffcdbbfc000 	C:\WINDOWS\system32\mswsock.dll
0x000000005ffa0000 - 0x000000005ffb1000 	C:\Program Files\Java\jre1.8.0_101\bin\nio.dll
0x000000005fc50000 - 0x000000005fc92000 	C:\Program Files\Java\jre1.8.0_101\bin\t2k.dll
0x00007ffcdf0c0000 - 0x00007ffcdf15e000 	C:\WINDOWS\System32\clbcatq.dll
0x00007ffcd2ae0000 - 0x00007ffcd2c8c000 	C:\WINDOWS\SYSTEM32\WindowsCodecs.dll
0x00007ffcc6450000 - 0x00007ffcc6497000 	C:\WINDOWS\system32\dataexchange.dll
0x00007ffcd0b40000 - 0x00007ffcd0c62000 	C:\WINDOWS\system32\dcomp.dll
0x00007ffcd98b0000 - 0x00007ffcd9b8f000 	C:\WINDOWS\system32\d3d11.dll
0x00007ffcdb1d0000 - 0x00007ffcdb274000 	C:\WINDOWS\system32\dxgi.dll
0x00007ffcdab90000 - 0x00007ffcdad00000 	C:\WINDOWS\system32\twinapi.appcore.dll
0x00007ffcdc1c0000 - 0x00007ffcdc1e5000 	C:\WINDOWS\system32\bcrypt.dll
0x00007ffcd4d90000 - 0x00007ffcd4e12000 	C:\WINDOWS\System32\TextInputFramework.dll
0x00007ffccff20000 - 0x00007ffcd01f2000 	C:\WINDOWS\System32\CoreUIComponents.dll
0x00007ffcd0a50000 - 0x00007ffcd0b33000 	C:\WINDOWS\System32\CoreMessaging.dll
0x00007ffcdb600000 - 0x00007ffcdb631000 	C:\WINDOWS\SYSTEM32\ntmarta.dll
0x00007ffcd9dd0000 - 0x00007ffcd9f09000 	C:\WINDOWS\SYSTEM32\wintypes.dll
0x00007ffcd5420000 - 0x00007ffcd5435000 	C:\WINDOWS\SYSTEM32\usermgrcli.dll
0x00007ffcc5d30000 - 0x00007ffcc5ef5000 	C:\Windows\System32\uiautomationcore.dll
0x00007ffcdc120000 - 0x00007ffcdc1ba000 	C:\WINDOWS\SYSTEM32\sxs.dll
0x00007ffcc6320000 - 0x00007ffcc638b000 	C:\Windows\System32\OLEACC.dll
0x00007ffcca8e0000 - 0x00007ffcca962000 	C:\WINDOWS\SYSTEM32\twinapi.dll
0x00007ffcdb980000 - 0x00007ffcdba24000 	C:\WINDOWS\SYSTEM32\DNSAPI.dll
0x00007ffcdfa20000 - 0x00007ffcdfa28000 	C:\WINDOWS\System32\NSI.dll
0x00007ffcdb940000 - 0x00007ffcdb977000 	C:\WINDOWS\SYSTEM32\IPHLPAPI.DLL
0x00007ffcd6f90000 - 0x00007ffcd6f9a000 	C:\Windows\System32\rasadhlp.dll
0x00007ffcd9f60000 - 0x00007ffcd9fcb000 	C:\WINDOWS\System32\fwpuclnt.dll
0x000000005fc10000 - 0x000000005fc3a000 	C:\Program Files\Java\jre1.8.0_101\bin\dcpr.dll
0x00007ffcd7900000 - 0x00007ffcd7aa9000 	C:\WINDOWS\SYSTEM32\dbghelp.dll

VM Arguments:
jvm_args: -Dfile.encoding=UTF-8 
java_command: com.wayto.wayToDevApp.Quickstart
java_class_path (initial): C:\Users\m_deli02\Documents\Development\OptimizationWorkSpace\wayToDevApp\target\classes;C:\Users\m_deli02\.m2\repository\org\swinglabs\swingx-ws\1.0\swingx-ws-1.0.jar;C:\Users\m_deli02\.m2\repository\jdom\jdom\1.0\jdom-1.0.jar;C:\Users\m_deli02\.m2\repository\commons-httpclient\commons-httpclient\3.0.1\commons-httpclient-3.0.1.jar;C:\Users\m_deli02\.m2\repository\commons-logging\commons-logging\1.1\commons-logging-1.1.jar;C:\Users\m_deli02\.m2\repository\log4j\log4j\1.2.12\log4j-1.2.12.jar;C:\Users\m_deli02\.m2\repository\logkit\logkit\1.0.1\logkit-1.0.1.jar;C:\Users\m_deli02\.m2\repository\avalon-framework\avalon-framework\4.1.3\avalon-framework-4.1.3.jar;C:\Users\m_deli02\.m2\repository\javax\servlet\servlet-api\2.3\servlet-api-2.3.jar;C:\Users\m_deli02\.m2\repository\commons-codec\commons-codec\1.3\commons-codec-1.3.jar;C:\Users\m_deli02\.m2\repository\net\sf\json-lib\json-lib\0.9\json-lib-0.9.jar;C:\Users\m_deli02\.m2\repository\commons-beanutils\commons-beanutils\1.7.0\commons-beanutils-1.7.0.jar;C:\Users\m_deli02\.m2\repository\commons-lang\commons-lang\2.2\commons-lang-2.2.jar;C:\Users\m_deli02\.m2\repository\xom\xom\1.1\xom-1.1.jar;C:\Users\m_deli02\.m2\repository\xerces\xmlParserAPIs\2.6.2\xmlParserAPIs-2.6.2.jar;C:\Users\m_deli02\.m2\repository\xalan\xalan\2.7.0\xalan-2.7.0.jar;C:\Users\m_deli02\.m2\repository\jaxen\jaxen\1.1-beta-8\jaxen-1.1-beta-8.jar;C:\Users\m_deli02\.m2\repository\dom4j\dom4j\1.6.1\dom4j-1.6.1.jar;C:\Users\m_deli02\.m2\repository\net\sf\ezmorph\ezmorph\0.8.1\ezmorph-0.8.1.jar;C:\Users\m_deli02\.m2\repository\xerces\xercesImpl\2.8.1\xercesImpl-2.8.1.jar;C:\Users\m_deli02\.m2\repository\xml-apis\xml-apis\1.3.03\xml-apis-1.3.03.jar;C:\Users\m_deli02\.m2\repository\jtidy\jtidy\4aug2000r7-dev\jtidy-4aug2000r7-dev.jar;C:\Users\m_deli02\.m2\repository\rome\rome\0.8\rome-0.8.jar;C:\Users\m_deli02\.m2\repository\org\jdesktop\swingx\jxmapviewer2\1.1\jxmapviewer2-1.1.jar;C:\Users\m_deli02\.m2\repository\org\swinglab
Launcher Type: SUN_STANDARD

Environment Variables:
JAVA_HOME=C:\Program Files\Java\jdk1.8.0_101
PATH=C:/Program Files/Java/jre1.8.0_101/bin/server;C:/Program Files/Java/jre1.8.0_101/bin;C:/Program Files/Java/jre1.8.0_101/lib/amd64;C:\Program Files\IBM\ILOG\CPLEX_Studio1271\opl\bin\x64_win64;C:\Program Files\IBM\ILOG\CPLEX_Studio1271\opl\oplide\;C:\Program Files\IBM\ILOG\CPLEX_Studio1271\cplex\bin\x64_win64;C:\Program Files\IBM\ILOG\CPLEX_Studio1271\cpoptimizer\bin\x64_win64;C:\ProgramData\Oracle\Java\javapath;C:\Program Files (x86)\Intel\iCLS Client\;C:\Program Files\Intel\iCLS Client\;C:\WINDOWS\system32;C:\WINDOWS;C:\WINDOWS\System32\Wbem;C:\WINDOWS\System32\WindowsPowerShell\v1.0\;C:\Program Files (x86)\Intel\Intel(R) Management Engine Components\DAL;C:\Program Files\Intel\Intel(R) Management Engine Components\DAL;C:\Program Files (x86)\Intel\Intel(R) Management Engine Components\IPT;C:\Program Files\Intel\Intel(R) Management Engine Components\IPT;C:\Program Files\Java\jdk1.8.0_101\bin;C:\Program Files\Java\jre1.8.0_101\bin;C:\Program Files\Intel\WiFi\bin\;C:\Program Files\Common Files\Intel\WirelessCommon\;C:\Program Files\MiKTeX 2.9\miktex\bin\x64\;C:\Users\m_deli02\AppData\Local\atom\bin;%USERPROFILE%\AppData\Local\Microsoft\WindowsApps;;C:\Program Files\eclipse;
USERNAME=m_deli02
OS=Windows_NT
PROCESSOR_IDENTIFIER=Intel64 Family 6 Model 78 Stepping 3, GenuineIntel



---------------  S Y S T E M  ---------------

OS: Windows 10.0 , 64 bit Build 15063 (10.0.15063.296)

CPU:total 4 (2 cores per cpu, 2 threads per core) family 6 model 78 stepping 3, cmov, cx8, fxsr, mmx, sse, sse2, sse3, ssse3, sse4.1, sse4.2, popcnt, avx, avx2, aes, clmul, erms, rtm, 3dnowpref, lzcnt, ht, tsc, tscinvbit, bmi1, bmi2, adx

Memory: 4k page, physical 8268752k(1510760k free), swap 32023164k(23143508k free)

vm_info: Java HotSpot(TM) 64-Bit Server VM (25.101-b13) for windows-amd64 JRE (1.8.0_101-b13), built on Jun 22 2016 01:21:29 by "java_re" with MS VC++ 10.0 (VS2010)

time: Mon Aug 14 13:33:08 2017
elapsed time: 13341 seconds (0d 3h 42m 21s)

